2022-11-15 09:33:56 - Starting OnlineVotingSystemApplication using Java 17.0.4.1 on OneInDark with PID 67168 (C:\Users\Abhis\OneDrive\Documents\OVS-14NOV\OVS-14NOV\OnlineVotingSystem\target\classes started by Abhis in C:\Users\Abhis\OneDrive\Documents\OVS-14NOV\OVS-14NOV\OnlineVotingSystem)
2022-11-15 09:33:56 - No active profile set, falling back to 1 default profile: "default"
2022-11-15 09:33:56 - Devtools property defaults active! Set 'spring.devtools.add-properties' to 'false' to disable
2022-11-15 09:33:56 - For additional web related logging consider setting the 'logging.level.web' property to 'DEBUG'
2022-11-15 09:33:57 - Bootstrapping Spring Data JPA repositories in DEFAULT mode.
2022-11-15 09:33:57 - Finished Spring Data repository scanning in 88 ms. Found 7 JPA repository interfaces.
2022-11-15 09:33:58 - Tomcat initialized with port(s): 2700 (http)
2022-11-15 09:33:58 - Starting service [Tomcat]
2022-11-15 09:33:58 - Starting Servlet engine: [Apache Tomcat/9.0.68]
2022-11-15 09:33:58 - Initializing Spring embedded WebApplicationContext
2022-11-15 09:33:58 - Root WebApplicationContext: initialization completed in 1911 ms
2022-11-15 09:33:58 - HHH000204: Processing PersistenceUnitInfo [name: default]
2022-11-15 09:33:58 - HHH000412: Hibernate ORM core version 5.6.12.Final
2022-11-15 09:33:58 - HCANN000001: Hibernate Commons Annotations {5.1.2.Final}
2022-11-15 09:33:59 - HikariPool-1 - Starting...
2022-11-15 09:33:59 - HikariPool-1 - Start completed.
2022-11-15 09:33:59 - HHH000400: Using dialect: org.hibernate.dialect.PostgreSQLDialect
2022-11-15 09:34:00 - HHH000490: Using JtaPlatform implementation: [org.hibernate.engine.transaction.jta.platform.internal.NoJtaPlatform]
2022-11-15 09:34:00 - Initialized JPA EntityManagerFactory for persistence unit 'default'
2022-11-15 09:34:00 - spring.jpa.open-in-view is enabled by default. Therefore, database queries may be performed during view rendering. Explicitly configure spring.jpa.open-in-view to disable this warning
2022-11-15 09:34:01 - LiveReload server is running on port 35729
2022-11-15 09:34:01 - Tomcat started on port(s): 2700 (http) with context path ''
2022-11-15 09:34:01 - Started OnlineVotingSystemApplication in 5.117 seconds (JVM running for 6.116)
2022-11-15 11:49:21 - HikariPool-1 - Thread starvation or clock leap detected (housekeeper delta=50s273ms610µs200ns).
2022-11-15 14:31:15 - HikariPool-1 - Thread starvation or clock leap detected (housekeeper delta=1h24m22s678ms425µs700ns).
2022-11-15 15:03:21 - Restarting due to 63 class path changes (0 additions, 63 deletions, 0 modifications)
2022-11-15 15:03:22 - Stopping service [Tomcat]
2022-11-15 15:03:22 - Closing JPA EntityManagerFactory for persistence unit 'default'
2022-11-15 15:03:22 - HikariPool-1 - Shutdown initiated...
2022-11-15 15:03:22 - HikariPool-1 - Shutdown completed.
2022-11-15 15:03:23 - Starting OnlineVotingSystemApplication using Java 17.0.4.1 on OneInDark with PID 67168 (C:\Users\Abhis\OneDrive\Documents\OVS-14NOV\OVS-14NOV\OnlineVotingSystem\target\classes started by Abhis in C:\Users\Abhis\OneDrive\Documents\OVS-14NOV\OVS-14NOV\OnlineVotingSystem)
2022-11-15 15:03:23 - No active profile set, falling back to 1 default profile: "default"
2022-11-15 15:03:23 - Bootstrapping Spring Data JPA repositories in DEFAULT mode.
2022-11-15 15:03:23 - Finished Spring Data repository scanning in 41 ms. Found 7 JPA repository interfaces.
2022-11-15 15:03:24 - Tomcat initialized with port(s): 2700 (http)
2022-11-15 15:03:24 - Starting service [Tomcat]
2022-11-15 15:03:24 - Starting Servlet engine: [Apache Tomcat/9.0.68]
2022-11-15 15:03:24 - Initializing Spring embedded WebApplicationContext
2022-11-15 15:03:24 - Root WebApplicationContext: initialization completed in 549 ms
2022-11-15 15:03:24 - HHH000204: Processing PersistenceUnitInfo [name: default]
2022-11-15 15:03:24 - HikariPool-2 - Starting...
2022-11-15 15:03:24 - HikariPool-2 - Start completed.
2022-11-15 15:03:24 - HHH000400: Using dialect: org.hibernate.dialect.PostgreSQLDialect
2022-11-15 15:03:24 - HHH000490: Using JtaPlatform implementation: [org.hibernate.engine.transaction.jta.platform.internal.NoJtaPlatform]
2022-11-15 15:03:24 - Initialized JPA EntityManagerFactory for persistence unit 'default'
2022-11-15 15:03:24 - spring.jpa.open-in-view is enabled by default. Therefore, database queries may be performed during view rendering. Explicitly configure spring.jpa.open-in-view to disable this warning
2022-11-15 15:03:24 - LiveReload server is running on port 35729
2022-11-15 15:03:24 - Tomcat started on port(s): 2700 (http) with context path ''
2022-11-15 15:03:24 - Started OnlineVotingSystemApplication in 1.464 seconds (JVM running for 19769.779)
2022-11-15 15:03:24 - Condition evaluation unchanged
2022-11-15 15:03:26 - Restarting due to 63 class path changes (63 additions, 0 deletions, 0 modifications)
2022-11-15 15:03:26 - Stopping service [Tomcat]
2022-11-15 15:03:26 - Closing JPA EntityManagerFactory for persistence unit 'default'
2022-11-15 15:03:26 - HikariPool-2 - Shutdown initiated...
2022-11-15 15:03:26 - HikariPool-2 - Shutdown completed.
2022-11-15 15:03:26 - Starting OnlineVotingSystemApplication using Java 17.0.4.1 on OneInDark with PID 67168 (C:\Users\Abhis\OneDrive\Documents\OVS-14NOV\OVS-14NOV\OnlineVotingSystem\target\classes started by Abhis in C:\Users\Abhis\OneDrive\Documents\OVS-14NOV\OVS-14NOV\OnlineVotingSystem)
2022-11-15 15:03:26 - No active profile set, falling back to 1 default profile: "default"
2022-11-15 15:03:26 - Bootstrapping Spring Data JPA repositories in DEFAULT mode.
2022-11-15 15:03:26 - Finished Spring Data repository scanning in 34 ms. Found 7 JPA repository interfaces.
2022-11-15 15:03:26 - Tomcat initialized with port(s): 2700 (http)
2022-11-15 15:03:26 - Starting service [Tomcat]
2022-11-15 15:03:26 - Starting Servlet engine: [Apache Tomcat/9.0.68]
2022-11-15 15:03:26 - Initializing Spring embedded WebApplicationContext
2022-11-15 15:03:26 - Root WebApplicationContext: initialization completed in 325 ms
2022-11-15 15:03:26 - HHH000204: Processing PersistenceUnitInfo [name: default]
2022-11-15 15:03:26 - HikariPool-3 - Starting...
2022-11-15 15:03:26 - HikariPool-3 - Start completed.
2022-11-15 15:03:26 - HHH000400: Using dialect: org.hibernate.dialect.PostgreSQLDialect
2022-11-15 15:03:26 - HHH000490: Using JtaPlatform implementation: [org.hibernate.engine.transaction.jta.platform.internal.NoJtaPlatform]
2022-11-15 15:03:26 - Initialized JPA EntityManagerFactory for persistence unit 'default'
2022-11-15 15:03:27 - spring.jpa.open-in-view is enabled by default. Therefore, database queries may be performed during view rendering. Explicitly configure spring.jpa.open-in-view to disable this warning
2022-11-15 15:03:27 - LiveReload server is running on port 35729
2022-11-15 15:03:27 - Tomcat started on port(s): 2700 (http) with context path ''
2022-11-15 15:03:27 - Started OnlineVotingSystemApplication in 1.028 seconds (JVM running for 19772.273)
2022-11-15 15:03:27 - Condition evaluation unchanged
2022-11-15 15:04:03 - Initializing Spring DispatcherServlet 'dispatcherServlet'
2022-11-15 15:04:03 - Initializing Servlet 'dispatcherServlet'
2022-11-15 15:04:03 - Completed initialization in 1 ms
2022-11-15 15:04:03 - New user added..
